<?xml version="1.0" encoding="UTF-8"?>
<!-- Generated by org.testng.reporters.JUnitReportReporter -->
<testsuite skipped="0" hostname="Hamdy" name="Test11.Test11" tests="2" failures="0" timestamp="23 Feb 2018 13:26:59 GMT" time="0.047" errors="0">
  <testcase name="pass" time="0.016" classname="Test11.Test11"/>
  <testcase name="fail" time="0.031" classname="Test11.Test11"/>
</testsuite> <!-- Test11.Test11 -->
